{"/Users/edilma/bocacode/nodejs-testing/index.js": {"path":"/Users/edilma/bocacode/nodejs-testing/index.js","statementMap":{"0":{"start":{"line":2,"column":4},"end":{"line":3,"column":43}},"1":{"start":{"line":8,"column":4},"end":{"line":10,"column":5}}},"fnMap":{"0":{"name":"calculateSalesTax","decl":{"start":{"line":1,"column":16},"end":{"line":1,"column":33}},"loc":{"start":{"line":1,"column":52},"end":{"line":5,"column":1}},"line":1},"1":{"name":"factorial","decl":{"start":{"line":7,"column":16},"end":{"line":7,"column":25}},"loc":{"start":{"line":7,"column":31},"end":{"line":11,"column":1}},"line":7}},"branchMap":{"0":{"loc":{"start":{"line":9,"column":8},"end":{"line":9,"column":43}},"type":"cond-expr","locations":[{"start":{"line":9,"column":18},"end":{"line":9,"column":19}},{"start":{"line":9,"column":21},"end":{"line":9,"column":43}}],"line":9}},"s":{"0":3,"1":26},"f":{"0":3,"1":26},"b":{"0":[4,22]},"_coverageSchema":"1a1c01bbd47fc00a2c39e90264f33305004495a9","hash":"7d3e6326cf9f0fc9c8af9cacfab110ab6321b621"}
,"/Users/edilma/bocacode/nodejs-testing/src/utils.js": {"path":"/Users/edilma/bocacode/nodejs-testing/src/utils.js","statementMap":{"0":{"start":{"line":2,"column":4},"end":{"line":2,"column":28}}},"fnMap":{"0":{"name":"sayHello","decl":{"start":{"line":1,"column":16},"end":{"line":1,"column":24}},"loc":{"start":{"line":1,"column":30},"end":{"line":3,"column":1}},"line":1}},"branchMap":{},"s":{"0":3},"f":{"0":3},"b":{},"_coverageSchema":"1a1c01bbd47fc00a2c39e90264f33305004495a9","hash":"76d5e9f2d770890cc4a743e9472b89afec33bdab"}
}
